<?xml version="1.0" encoding="UTF-8"?>
<!-- Generated by org.testng.reporters.JUnitReportReporter -->
<testsuite skipped="0" hostname="DESKTOP-B2H6JUI" name="com.yara.assignment.newcorp.SampleTest" tests="1" failures="0" timestamp="06 Sep 2020 07:03:38 GMT" time="62.272" errors="0">
  <testcase name="test_AddNewCorp_001" time="62.272" classname="com.yara.assignment.newcorp.SampleTest"/>
</testsuite> <!-- com.yara.assignment.newcorp.SampleTest -->
