<?xml version="1.0" encoding="UTF-8"?>
<!-- Generated by org.testng.reporters.JUnitReportReporter -->
<testsuite skipped="0" hostname="DESKTOP-B2H6JUI" name="com.yara.assignment.newcorp.LeafTest" tests="1" failures="0" timestamp="06 Sep 2020 07:30:53 GMT" time="55.398" errors="0">
  <testcase name="test_LeafTest_001" time="55.398" classname="com.yara.assignment.newcorp.LeafTest"/>
</testsuite> <!-- com.yara.assignment.newcorp.LeafTest -->
